-------------------------------------------------------------------------------
Test set: com.udacity.jwdnd.course1.cloudstorage.CloudStorageApplicationTests
-------------------------------------------------------------------------------
Tests run: 4, Failures: 0, Errors: 4, Skipped: 0, Time elapsed: 5.683 s <<< FAILURE! - in com.udacity.jwdnd.course1.cloudstorage.CloudStorageApplicationTests
testLargeUpload  Time elapsed: 1.544 s  <<< ERROR!
org.openqa.selenium.SessionNotCreatedException: 
Could not start a new session. Response code 500. Message: session not created: This version of ChromeDriver only supports Chrome version 114
Current browser version is 122.0.6261.57 with binary path C:\Program Files\Google\Chrome\Application\chrome.exe 
Host info: host: 'LPT-5520-KOSAMA', ip: '192.168.1.15'
Build info: version: '4.24.0', revision: '748ffc9bc3'
System info: os.name: 'Windows 11', os.arch: 'x86', os.version: '10.0', java.version: '17.0.12'
Driver info: org.openqa.selenium.chrome.ChromeDriver
Command: [null, newSession {capabilities=[Capabilities {browserName: chrome, goog:chromeOptions: {args: [], extensions: []}}]}]
	at com.udacity.jwdnd.course1.cloudstorage.CloudStorageApplicationTests.beforeEach(CloudStorageApplicationTests.java:33)

getLoginPage  Time elapsed: 0.678 s  <<< ERROR!
org.openqa.selenium.SessionNotCreatedException: 
Could not start a new session. Response code 500. Message: session not created: This version of ChromeDriver only supports Chrome version 114
Current browser version is 122.0.6261.57 with binary path C:\Program Files\Google\Chrome\Application\chrome.exe 
Host info: host: 'LPT-5520-KOSAMA', ip: '192.168.1.15'
Build info: version: '4.24.0', revision: '748ffc9bc3'
System info: os.name: 'Windows 11', os.arch: 'x86', os.version: '10.0', java.version: '17.0.12'
Driver info: org.openqa.selenium.chrome.ChromeDriver
Command: [null, newSession {capabilities=[Capabilities {browserName: chrome, goog:chromeOptions: {args: [], extensions: []}}]}]
	at com.udacity.jwdnd.course1.cloudstorage.CloudStorageApplicationTests.beforeEach(CloudStorageApplicationTests.java:33)

testBadUrl  Time elapsed: 0.676 s  <<< ERROR!
org.openqa.selenium.SessionNotCreatedException: 
Could not start a new session. Response code 500. Message: session not created: This version of ChromeDriver only supports Chrome version 114
Current browser version is 122.0.6261.57 with binary path C:\Program Files\Google\Chrome\Application\chrome.exe 
Host info: host: 'LPT-5520-KOSAMA', ip: '192.168.1.15'
Build info: version: '4.24.0', revision: '748ffc9bc3'
System info: os.name: 'Windows 11', os.arch: 'x86', os.version: '10.0', java.version: '17.0.12'
Driver info: org.openqa.selenium.chrome.ChromeDriver
Command: [null, newSession {capabilities=[Capabilities {browserName: chrome, goog:chromeOptions: {args: [], extensions: []}}]}]
	at com.udacity.jwdnd.course1.cloudstorage.CloudStorageApplicationTests.beforeEach(CloudStorageApplicationTests.java:33)

testRedirection  Time elapsed: 0.715 s  <<< ERROR!
org.openqa.selenium.SessionNotCreatedException: 
Could not start a new session. Response code 500. Message: session not created: This version of ChromeDriver only supports Chrome version 114
Current browser version is 122.0.6261.57 with binary path C:\Program Files\Google\Chrome\Application\chrome.exe 
Host info: host: 'LPT-5520-KOSAMA', ip: '192.168.1.15'
Build info: version: '4.24.0', revision: '748ffc9bc3'
System info: os.name: 'Windows 11', os.arch: 'x86', os.version: '10.0', java.version: '17.0.12'
Driver info: org.openqa.selenium.chrome.ChromeDriver
Command: [null, newSession {capabilities=[Capabilities {browserName: chrome, goog:chromeOptions: {args: [], extensions: []}}]}]
	at com.udacity.jwdnd.course1.cloudstorage.CloudStorageApplicationTests.beforeEach(CloudStorageApplicationTests.java:33)

